<?xml version="1.0" encoding="UTF-8"?>
<!-- Generated by org.testng.reporters.JUnitXMLReporter -->
<testsuite ignored="0" hostname="LAPTOP-REV335BT" failures="0" tests="3" name="Default test" time="13.529" errors="0" timestamp="2025-01-28T14:01:14 IST">
  <testcase classname="com.sauce.qa.TestCases.CheckOutPageTest" name="ValidateMultipleInformation" time="0.462"/>
  <testcase classname="com.sauce.qa.TestCases.CheckOutPageTest" name="ValidateMultipleInformation" time="0.336"/>
  <testcase classname="com.sauce.qa.TestCases.CheckOutPageTest" name="ValidateMultipleInformation" time="0.369"/>
</testsuite> <!-- Default test -->
